\BOOKMARK [1][-]{Section.0.Introduction.1}{Introduction}{}% 1
\BOOKMARK [1][-]{Section.1.Relational Event Models.1}{Relational Event Models}{}% 2
\BOOKMARK [1][-]{Section.2.Dynamic Network Actor Models (DyNAMs).1}{Dynamic Network Actor Models \(DyNAMs\)}{}% 3
\BOOKMARK [2][-]{Subsection.3.0.DyNAMs for directed relational events.2}{DyNAMs for directed relational events}{Section.2.Dynamic Network Actor Models (DyNAMs).1}% 4
\BOOKMARK [2][-]{Subsection.3.1.DyNAMs for coordination ties.2}{DyNAMs for coordination ties}{Section.2.Dynamic Network Actor Models (DyNAMs).1}% 5
\BOOKMARK [2][-]{Subsection.3.2.Comparing DyNAMs to the Relational Event Model (REM).2}{Comparing DyNAMs to the Relational Event Model \(REM\)}{Section.2.Dynamic Network Actor Models (DyNAMs).1}% 6
\BOOKMARK [1][-]{Section.3.Data preparation.1}{Data preparation}{}% 7
\BOOKMARK [2][-]{Subsection.4.0.Example: The Social Evolution data.2}{Example: The Social Evolution data}{Section.3.Data preparation.1}% 8
\BOOKMARK [2][-]{Subsection.4.1.Creating Goldfish objects.2}{Creating Goldfish objects}{Section.3.Data preparation.1}% 9
\BOOKMARK [3][-]{Subsubsection.4.2.0.Defining the nodeset.3}{Defining the nodeset}{Subsection.4.1.Creating Goldfish objects.2}% 10
\BOOKMARK [3][-]{Subsubsection.4.2.1.Network.3}{Network}{Subsection.4.1.Creating Goldfish objects.2}% 11
\BOOKMARK [3][-]{Subsubsection.4.2.2.Define the independent networks.3}{Define the independent networks}{Subsection.4.1.Creating Goldfish objects.2}% 12
\BOOKMARK [3][-]{Subsubsection.4.2.3.Global attributes.3}{Global attributes}{Subsection.4.1.Creating Goldfish objects.2}% 13
\BOOKMARK [3][-]{Subsubsection.4.2.4.Define the dependent event list.3}{Define the dependent event list}{Subsection.4.1.Creating Goldfish objects.2}% 14
\BOOKMARK [3][-]{Subsubsection.4.2.5.Object visualisation and plot options.3}{Object visualisation and plot options}{Subsection.4.1.Creating Goldfish objects.2}% 15
\BOOKMARK [1][-]{Section.4.Estimation.1}{Estimation}{}% 16
\BOOKMARK [2][-]{Subsection.5.0.Model specification.2}{Model specification}{Section.4.Estimation.1}% 17
\BOOKMARK [2][-]{Subsection.5.1.Step 2: Preprocessing.2}{Step 2: Preprocessing}{Section.4.Estimation.1}% 18
\BOOKMARK [2][-]{Subsection.5.2.Step 3: Estimation.2}{Step 3: Estimation}{Section.4.Estimation.1}% 19
\BOOKMARK [2][-]{Subsection.5.3.Additional models.2}{Additional models}{Section.4.Estimation.1}% 20
\BOOKMARK [1][-]{Section.5.Interpreting and diagnosing results.1}{Interpreting and diagnosing results}{}% 21
\BOOKMARK [1][-]{Section.6.Extending DyNAMs and REMs with own effects.1}{Extending DyNAMs and REMs with own effects}{}% 22
\BOOKMARK [1][-]{Section.7.Conclusions.1}{Conclusions}{}% 23
\BOOKMARK [1][-]{Section.8.Summary and discussion.1}{Summary and discussion}{}% 24
\BOOKMARK [1][-]{Section..More technical details.1}{More technical details}{}% 25
\BOOKMARK [1][-]{Section.A.Using BibTeX.1}{Using BibTeX}{}% 26
